Start testing: Mar 17 04:26 PDT
----------------------------------------------------------
1/3 Testing: LaborkaPodstawowyTest
1/3 Test: LaborkaPodstawowyTest
Command: "/Users/student/Desktop/Klimanek/kwtm_repo/projekt/build/Laborka"
Directory: /Users/student/Desktop/Klimanek/kwtm_repo/projekt/build
"LaborkaPodstawowyTest" start time: Mar 17 04:26 PDT
Output:
----------------------------------------------------------
0.707107
<end of output>
Test time =   0.01 sec
----------------------------------------------------------
Test Passed.
"LaborkaPodstawowyTest" end time: Mar 17 04:26 PDT
"LaborkaPodstawowyTest" time elapsed: 00:00:00
----------------------------------------------------------

2/3 Testing: LaborkaWynikSin45
2/3 Test: LaborkaWynikSin45
Command: "/Users/student/Desktop/Klimanek/kwtm_repo/projekt/build/Laborka" "45"
Directory: /Users/student/Desktop/Klimanek/kwtm_repo/projekt/build
"LaborkaWynikSin45" start time: Mar 17 04:26 PDT
Output:
----------------------------------------------------------
0.707107
<end of output>
Test time =   0.01 sec
----------------------------------------------------------
Test Pass Reason:
Required regular expression found.Regex=[0[.,]70710
]
"LaborkaWynikSin45" end time: Mar 17 04:26 PDT
"LaborkaWynikSin45" time elapsed: 00:00:00
----------------------------------------------------------

3/3 Testing: Laborka3sek
3/3 Test: Laborka3sek
Command: "/Users/student/Desktop/Klimanek/kwtm_repo/projekt/build/Laborka"
Directory: /Users/student/Desktop/Klimanek/kwtm_repo/projekt/build
"Laborka3sek" start time: Mar 17 04:26 PDT
Output:
----------------------------------------------------------
0.707107
<end of output>
Test time =   0.01 sec
----------------------------------------------------------
Test Passed.
"Laborka3sek" end time: Mar 17 04:26 PDT
"Laborka3sek" time elapsed: 00:00:00
----------------------------------------------------------

End testing: Mar 17 04:26 PDT
